2018/02/07 テスト開始
2018/02/09 一般公開
2018/02/10 プログラム更新
2018/03/05 第一回アンケートを行っています。
2018/03/17 第一回アンケートが終了しました。
2018/05/24 第ニ回アンケートを行っています。
2018/09/27 第二回アンケートが終了しました。
2018/09/13 susucoinに対応しました。
2018/10/24 支払い忘れで停止していました。復旧済みです
2018/10/26 ここ、変わってますよ！(Last Updates)
2018/10/30 Monacoinに対応しました
2018/10/31 ブロック発見ボーナス再開しました
2018/11/05 人のプールのデータを元に<a href="https://github.com/BitZenyChains/BootStrap/releases/tag/v1.0.0">bootstrap.dat</a >作りました
2018/11/06 データを追うことが出来ないため、ブロック発見ボーナスは休止します
2018/11/18 分かる範囲でブロック発見ボーナスの送金が完了しました
2018/11/20 Last UpdatesのURLのスタイルを修正しました
2018/11/20 <a href="https://goo.gl/forms/XSwKhlZ7dfzZ9RGA2" target="_blank">第三回アンケート</a>を行っています
2018/12/04 DDos攻撃により通信制限が課せられマイニングできない状態になってしまいました。現在復旧済みです。
2018/12/23 <a href="https://bellcoin.web4u.jp/">Bellcoin</a>を追加しました。
2018/12/16 MonacoinTestnetを追加しました
2019/01/06 <a href="https://ko-to.org/">Koto</a>を追加しました。
2019/01/07 Statusページに各通貨のブロック発見情報及びTopへのリンクを作成しました。
2019/01/08 StatusページのMinerグラフが正しく表示できていない問題を修正しました。
2019/01/15 <a href="https://mangamining.zinntikumugai.xyz/">Manga支部ができました</a>
2019/03/28 Monacoinの取扱を廃止しました<a href="https://discordapp.com/channels/504277896442019870/504659042237677578/560481397551267842">(詳しくはDiscordアナウンスへどうぞ)</a>
2019/11/02 Mangacoinの取り扱いを一時的に取り扱いを取りやめます。
